<?xml version="1.0" encoding="UTF-8"?>
<testng-results ignored="0" total="3" passed="3" failed="0" skipped="0">
  <reporter-output>
  </reporter-output>
  <suite started-at="2024-12-24T16:50:16 IST" name="Default suite" finished-at="2024-12-24T16:50:27 IST" duration-ms="11619">
    <groups>
      <group name="cucumber">
        <method signature="AbstractTestNGCucumberTests.runScenario(io.cucumber.testng.PickleWrapper,io.cucumber.testng.FeatureWrapper)[pri:0, instance:runner.ParallelRunner@11392934]" name="runScenario" class="io.cucumber.testng.AbstractTestNGCucumberTests"/>
      </group> <!-- cucumber -->
    </groups>
    <test started-at="2024-12-24T16:50:16 IST" name="Default test" finished-at="2024-12-24T16:50:27 IST" duration-ms="11619">
      <class name="runner.ParallelRunner">
        <test-method is-config="true" signature="setUpClass(org.testng.ITestContext)[pri:0, instance:runner.ParallelRunner@11392934]" started-at="2024-12-24T16:50:16 IST" name="setUpClass" finished-at="2024-12-24T16:50:17 IST" duration-ms="1069" status="PASS">
          <params>
            <param index="0">
              <value>
                <![CDATA[org.testng.TestRunner@60d84f61]]>
              </value>
            </param>
          </params>
          <reporter-output>
          </reporter-output>
        </test-method> <!-- setUpClass -->
        <test-method signature="runScenario(io.cucumber.testng.PickleWrapper,io.cucumber.testng.FeatureWrapper)[pri:0, instance:runner.ParallelRunner@11392934]" started-at="2024-12-24T16:50:17 IST" name="runScenario" description="Runs Cucumber Scenarios" data-provider="scenarios" finished-at="2024-12-24T16:50:24 IST" duration-ms="7785" status="PASS">
          <params>
            <param index="0">
              <value>
                <![CDATA["Selenium Search"]]>
              </value>
            </param>
            <param index="1">
              <value>
                <![CDATA["Google Page Search"]]>
              </value>
            </param>
          </params>
          <reporter-output>
          </reporter-output>
        </test-method> <!-- runScenario -->
        <test-method signature="runScenario(io.cucumber.testng.PickleWrapper,io.cucumber.testng.FeatureWrapper)[pri:0, instance:runner.ParallelRunner@11392934]" started-at="2024-12-24T16:50:17 IST" name="runScenario" description="Runs Cucumber Scenarios" data-provider="scenarios" finished-at="2024-12-24T16:50:27 IST" duration-ms="10473" status="PASS">
          <params>
            <param index="0">
              <value>
                <![CDATA["Valid Login"]]>
              </value>
            </param>
            <param index="1">
              <value>
                <![CDATA["User login functionality"]]>
              </value>
            </param>
          </params>
          <reporter-output>
          </reporter-output>
        </test-method> <!-- runScenario -->
        <test-method signature="runScenario(io.cucumber.testng.PickleWrapper,io.cucumber.testng.FeatureWrapper)[pri:0, instance:runner.ParallelRunner@11392934]" started-at="2024-12-24T16:50:17 IST" name="runScenario" description="Runs Cucumber Scenarios" data-provider="scenarios" finished-at="2024-12-24T16:50:24 IST" duration-ms="7408" status="PASS">
          <params>
            <param index="0">
              <value>
                <![CDATA["Java Search"]]>
              </value>
            </param>
            <param index="1">
              <value>
                <![CDATA["Google Page Search"]]>
              </value>
            </param>
          </params>
          <reporter-output>
          </reporter-output>
        </test-method> <!-- runScenario -->
        <test-method is-config="true" signature="tearDownClass()[pri:0, instance:runner.ParallelRunner@11392934]" started-at="2024-12-24T16:50:27 IST" name="tearDownClass" finished-at="2024-12-24T16:50:27 IST" duration-ms="28" status="PASS">
          <reporter-output>
          </reporter-output>
        </test-method> <!-- tearDownClass -->
      </class> <!-- runner.ParallelRunner -->
    </test> <!-- Default test -->
  </suite> <!-- Default suite -->
</testng-results>
